# Logfile created on 2023-06-21 07:45:58 +0000 by logger.rb/v1.5.3
I, [2023-06-21T07:45:58.946751 #1]  INFO -- : Using GitHub Features: Defaults
I, [2023-06-21T07:45:58.946816 #1]  INFO -- : Auditing 'https://varghesevibin-didactic-robot-9qqxrgrx6pvh9r49-8080.preview.app.github.dev/'
I, [2023-06-21T07:45:58.954223 #1]  INFO -- request: GET https://varghesevibin-didactic-robot-9qqxrgrx6pvh9r49-8080.preview.app.github.dev/api/json?tree=jobs%5Bname%2Curl%2CfullName%5D
I, [2023-06-21T07:45:59.100970 #1]  INFO -- response: Status 302
I, [2023-06-21T07:45:59.136387 #1]  INFO -- request: GET https://api.github.com/user
I, [2023-06-21T07:45:59.496969 #1]  INFO -- response: Status 200
I, [2023-06-21T07:45:59.498876 #1]  INFO -- : Sending telemetry with transaction id 'e2f11f36-a1a6-4f14-8252-0cd61f0586dd'
E, [2023-06-21T07:46:00.229503 #1] ERROR -- : There was an error retrieving all pipelines from the Jenkins instance
(GET 302) Moved Temporarily: https://varghesevibin-didactic-robot-9qqxrgrx6pvh9r49-8080.preview.app.github.dev/api/json?tree=jobs%5Bname%2Curl%2CfullName%5D
/usr/local/bundle/gems/actions_importer-1.3.19590/lib/valet/services/jenkins/parse_response.rb:22:in `parse!'
/usr/local/bundle/gems/actions_importer-1.3.19590/lib/valet/adapters/jenkins/client.rb:31:in `fetch_all_pipelines'
/usr/local/bundle/gems/actions_importer-1.3.19590/lib/valet/services/jenkins/extract_all_pipelines.rb:75:in `block in pipelines'
/usr/local/bundle/gems/actions_importer-1.3.19590/lib/valet/services/jenkins/extract_all_pipelines.rb:74:in `map'
/usr/local/bundle/gems/actions_importer-1.3.19590/lib/valet/services/jenkins/extract_all_pipelines.rb:74:in `pipelines'
/usr/local/bundle/gems/actions_importer-1.3.19590/lib/valet/services/jenkins/extract_all_pipelines.rb:16:in `call'
/usr/local/bundle/gems/actions_importer-1.3.19590/lib/valet/adapters/provider_resolver.rb:66:in `call'
/usr/local/bundle/gems/actions_importer-1.3.19590/lib/valet/commands/audit.rb:16:in `block in call'
/usr/local/bundle/gems/actions_importer-1.3.19590/lib/valet/logger.rb:92:in `with_progress_bar'
/usr/local/bundle/gems/actions_importer-1.3.19590/lib/valet/commands/audit.rb:15:in `call'
/usr/local/bundle/gems/actions_importer-1.3.19590/lib/valet/subcommands/audit.rb:30:in `jenkins'
/usr/local/bundle/gems/thor-1.2.2/lib/thor/command.rb:27:in `run'
/usr/local/bundle/gems/thor-1.2.2/lib/thor/invocation.rb:127:in `invoke_command'
/usr/local/bundle/gems/thor-1.2.2/lib/thor.rb:392:in `dispatch'
/usr/local/bundle/gems/thor-1.2.2/lib/thor/invocation.rb:116:in `invoke'
/usr/local/bundle/gems/thor-1.2.2/lib/thor.rb:243:in `block in subcommand'
/usr/local/bundle/gems/thor-1.2.2/lib/thor/command.rb:27:in `run'
/usr/local/bundle/gems/thor-1.2.2/lib/thor/invocation.rb:127:in `invoke_command'
/usr/local/bundle/gems/thor-1.2.2/lib/thor.rb:392:in `dispatch'
/usr/local/bundle/gems/thor-1.2.2/lib/thor/base.rb:485:in `start'
/usr/local/bundle/gems/actions_importer-1.3.19590/exe/actions-importer:19:in `<top (required)>'
/usr/local/bundle/bin/actions-importer:25:in `load'
/usr/local/bundle/bin/actions-importer:25:in `<main>'
